<?xml version="1.0" encoding="UTF-8" ?>
<!--
  #%L
  ff4j-jmx
  %%
  Copyright (C) 2013 Ff4J
  %%
  Licensed under the Apache License, Version 2.0 (the "License");
  you may not use this file except in compliance with the License.
  You may obtain a copy of the License at
  
       http://www.apache.org/licenses/LICENSE-2.0
  
  Unless required by applicable law or agreed to in writing, software
  distributed under the License is distributed on an "AS IS" BASIS,
  WITHOUT WARRANTIES OR CONDITIONS OF ANY KIND, either express or implied.
  See the License for the specific language governing permissions and
  limitations under the License.
  #L%
  -->

<features>

	<feature uid="jmxEnabledFeature" enable="true" description="some desc" />

	<feature uid="jmxDisabledFeature" enable="false" description="some desc" />

	<feature uid="jmxFeatureWithAuth" enable="false" description="some desc" >
		<security>
			<role name="ROLE_USER" />
			<role name="ROLE_ADMIN" />
		</security>
	</feature>
	
</features>