<?xml version="1.0" encoding="UTF-8" ?>
<testsuite failures="0" time="0.160" errors="0" skipped="0" tests="1" name="hudson.plugins.performance.reports.UriReportTest">
    <testcase time="0.160" classname="hudson.plugins.performance.reports.UriReportTest" name="testCountErrors"/>
</testsuite>
